{"/Users/steveny/Desktop/node-interview-exercise/server/routes/employees/v1/employees.v1.spec.js":{"path":"/Users/steveny/Desktop/node-interview-exercise/server/routes/employees/v1/employees.v1.spec.js","s":{"1":1,"2":1,"3":1,"4":1,"5":1,"6":1,"7":1,"8":1,"9":1,"10":1,"11":1,"12":1,"13":0,"14":1,"15":0,"16":1,"17":0,"18":1,"19":1,"20":0,"21":1,"22":1,"23":0,"24":1,"25":0,"26":1,"27":0,"28":1,"29":1,"30":0,"31":0,"32":0,"33":0,"34":0,"35":0,"36":1,"37":0,"38":1,"39":0,"40":1,"41":1,"42":1,"43":1,"44":1,"45":1,"46":1,"47":1,"48":1,"49":1,"50":1},"b":{},"f":{},"fnMap":{},"statementMap":{"1":{"start":{"line":5,"column":0},"end":{"line":5,"column":38}},"2":{"start":{"line":6,"column":0},"end":{"line":6,"column":37}},"3":{"start":{"line":8,"column":0},"end":{"line":8,"column":35}},"4":{"start":{"line":9,"column":0},"end":{"line":9,"column":45}},"5":{"start":{"line":10,"column":0},"end":{"line":10,"column":36}},"6":{"start":{"line":12,"column":0},"end":{"line":28,"column":2}},"7":{"start":{"line":30,"column":0},"end":{"line":213,"column":3}},"8":{"start":{"line":31,"column":2},"end":{"line":31,"column":10}},"9":{"start":{"line":33,"column":2},"end":{"line":35,"column":5}},"10":{"start":{"line":34,"column":4},"end":{"line":34,"column":32}},"11":{"start":{"line":39,"column":2},"end":{"line":73,"column":5}},"12":{"start":{"line":41,"column":4},"end":{"line":52,"column":7}},"13":{"start":{"line":42,"column":6},"end":{"line":51,"column":14}},"14":{"start":{"line":54,"column":4},"end":{"line":65,"column":7}},"15":{"start":{"line":55,"column":6},"end":{"line":64,"column":15}},"16":{"start":{"line":67,"column":4},"end":{"line":71,"column":7}},"17":{"start":{"line":68,"column":6},"end":{"line":70,"column":50}},"18":{"start":{"line":76,"column":2},"end":{"line":82,"column":5}},"19":{"start":{"line":77,"column":4},"end":{"line":81,"column":7}},"20":{"start":{"line":78,"column":6},"end":{"line":80,"column":43}},"21":{"start":{"line":84,"column":2},"end":{"line":123,"column":5}},"22":{"start":{"line":85,"column":4},"end":{"line":104,"column":7}},"23":{"start":{"line":86,"column":6},"end":{"line":103,"column":10}},"24":{"start":{"line":105,"column":4},"end":{"line":109,"column":7}},"25":{"start":{"line":106,"column":6},"end":{"line":108,"column":69}},"26":{"start":{"line":111,"column":4},"end":{"line":122,"column":7}},"27":{"start":{"line":112,"column":6},"end":{"line":121,"column":17}},"28":{"start":{"line":125,"column":2},"end":{"line":182,"column":5}},"29":{"start":{"line":127,"column":4},"end":{"line":144,"column":7}},"30":{"start":{"line":128,"column":6},"end":{"line":143,"column":11}},"31":{"start":{"line":132,"column":10},"end":{"line":132,"column":76}},"32":{"start":{"line":133,"column":10},"end":{"line":133,"column":78}},"33":{"start":{"line":134,"column":10},"end":{"line":134,"column":70}},"34":{"start":{"line":137,"column":10},"end":{"line":142,"column":22}},"35":{"start":{"line":140,"column":14},"end":{"line":140,"column":49}},"36":{"start":{"line":145,"column":4},"end":{"line":150,"column":7}},"37":{"start":{"line":146,"column":6},"end":{"line":149,"column":70}},"38":{"start":{"line":151,"column":4},"end":{"line":156,"column":7}},"39":{"start":{"line":152,"column":6},"end":{"line":155,"column":79}},"40":{"start":{"line":157,"column":4},"end":{"line":181,"column":7}},"41":{"start":{"line":158,"column":6},"end":{"line":158,"column":24}},"42":{"start":{"line":159,"column":6},"end":{"line":180,"column":9}},"43":{"start":{"line":163,"column":8},"end":{"line":163,"column":36}},"44":{"start":{"line":164,"column":8},"end":{"line":164,"column":74}},"45":{"start":{"line":165,"column":8},"end":{"line":165,"column":76}},"46":{"start":{"line":166,"column":8},"end":{"line":166,"column":68}},"47":{"start":{"line":169,"column":8},"end":{"line":174,"column":11}},"48":{"start":{"line":175,"column":8},"end":{"line":179,"column":20}},"49":{"start":{"line":210,"column":2},"end":{"line":212,"column":5}},"50":{"start":{"line":211,"column":4},"end":{"line":211,"column":23}}},"branchMap":{}},"/Users/steveny/Desktop/node-interview-exercise/server/index.js":{"path":"/Users/steveny/Desktop/node-interview-exercise/server/index.js","s":{"1":1,"2":1,"3":1,"4":1,"5":1,"6":1,"7":1,"8":1,"9":1,"10":1,"11":1,"12":1,"13":1,"14":1,"15":1,"16":1,"17":1,"18":1,"19":0,"20":1,"21":1,"22":1,"23":1,"24":1},"b":{"1":[1,1,1]},"f":{"1":1},"fnMap":{"1":{"name":"createServer","line":12,"loc":{"start":{"line":12,"column":0},"end":{"line":12,"column":28}}}},"statementMap":{"1":{"start":{"line":2,"column":0},"end":{"line":2,"column":35}},"2":{"start":{"line":3,"column":0},"end":{"line":3,"column":29}},"3":{"start":{"line":4,"column":0},"end":{"line":4,"column":33}},"4":{"start":{"line":5,"column":0},"end":{"line":5,"column":54}},"5":{"start":{"line":6,"column":0},"end":{"line":6,"column":42}},"6":{"start":{"line":8,"column":0},"end":{"line":8,"column":36}},"7":{"start":{"line":9,"column":0},"end":{"line":9,"column":47}},"8":{"start":{"line":10,"column":0},"end":{"line":10,"column":48}},"9":{"start":{"line":12,"column":0},"end":{"line":35,"column":1}},"10":{"start":{"line":13,"column":2},"end":{"line":13,"column":24}},"11":{"start":{"line":15,"column":2},"end":{"line":15,"column":38}},"12":{"start":{"line":16,"column":2},"end":{"line":16,"column":30}},"13":{"start":{"line":17,"column":2},"end":{"line":17,"column":32}},"14":{"start":{"line":18,"column":2},"end":{"line":18,"column":51}},"15":{"start":{"line":21,"column":2},"end":{"line":21,"column":74}},"16":{"start":{"line":22,"column":2},"end":{"line":22,"column":40}},"17":{"start":{"line":24,"column":2},"end":{"line":24,"column":29}},"18":{"start":{"line":27,"column":2},"end":{"line":27,"column":52}},"19":{"start":{"line":27,"column":29},"end":{"line":27,"column":50}},"20":{"start":{"line":28,"column":2},"end":{"line":28,"column":43}},"21":{"start":{"line":30,"column":2},"end":{"line":32,"column":5}},"22":{"start":{"line":31,"column":4},"end":{"line":31,"column":71}},"23":{"start":{"line":34,"column":2},"end":{"line":34,"column":13}},"24":{"start":{"line":37,"column":0},"end":{"line":37,"column":34}}},"branchMap":{"1":{"line":30,"type":"binary-expr","locations":[{"start":{"line":30,"column":20},"end":{"line":30,"column":24}},{"start":{"line":30,"column":28},"end":{"line":30,"column":44}},{"start":{"line":30,"column":48},"end":{"line":30,"column":59}}]}}},"/Users/steveny/Desktop/node-interview-exercise/config/index.js":{"path":"/Users/steveny/Desktop/node-interview-exercise/config/index.js","s":{"1":1,"2":1,"3":1,"4":1,"5":1,"6":0,"7":0,"8":0,"9":0,"10":0,"11":0,"12":0,"13":1,"14":1,"15":1},"b":{"1":[1,1],"2":[0,0,0,1]},"f":{},"fnMap":{},"statementMap":{"1":{"start":{"line":5,"column":0},"end":{"line":5,"column":31}},"2":{"start":{"line":6,"column":0},"end":{"line":6,"column":29}},"3":{"start":{"line":8,"column":0},"end":{"line":8,"column":32}},"4":{"start":{"line":10,"column":0},"end":{"line":10,"column":53}},"5":{"start":{"line":12,"column":0},"end":{"line":25,"column":1}},"6":{"start":{"line":14,"column":4},"end":{"line":14,"column":63}},"7":{"start":{"line":15,"column":4},"end":{"line":15,"column":10}},"8":{"start":{"line":17,"column":4},"end":{"line":17,"column":63}},"9":{"start":{"line":18,"column":4},"end":{"line":18,"column":10}},"10":{"start":{"line":20,"column":4},"end":{"line":20,"column":75}},"11":{"start":{"line":21,"column":4},"end":{"line":21,"column":63}},"12":{"start":{"line":22,"column":4},"end":{"line":22,"column":10}},"13":{"start":{"line":24,"column":4},"end":{"line":24,"column":61}},"14":{"start":{"line":27,"column":0},"end":{"line":27,"column":66}},"15":{"start":{"line":29,"column":0},"end":{"line":29,"column":28}}},"branchMap":{"1":{"line":10,"type":"binary-expr","locations":[{"start":{"line":10,"column":23},"end":{"line":10,"column":43}},{"start":{"line":10,"column":47},"end":{"line":10,"column":52}}]},"2":{"line":12,"type":"switch","locations":[{"start":{"line":13,"column":2},"end":{"line":15,"column":10}},{"start":{"line":16,"column":2},"end":{"line":18,"column":10}},{"start":{"line":19,"column":2},"end":{"line":22,"column":10}},{"start":{"line":23,"column":2},"end":{"line":24,"column":61}}]}}},"/Users/steveny/Desktop/node-interview-exercise/server/routes/employees/v1/index.js":{"path":"/Users/steveny/Desktop/node-interview-exercise/server/routes/employees/v1/index.js","s":{"1":1,"2":1,"3":1,"4":1,"5":1,"6":1,"7":0,"8":1,"9":2,"10":2,"11":2,"12":0,"13":2,"14":2,"15":0,"16":2,"17":11,"18":2,"19":2,"20":1,"21":1,"22":1,"23":1,"24":1,"25":0,"26":0,"27":0,"28":0,"29":0,"30":0,"31":0,"32":0,"33":1,"34":0,"35":0,"36":0,"37":0,"38":0,"39":0,"40":0,"41":0,"42":1,"43":1},"b":{"1":[0,2],"2":[2,2,2],"3":[0,2],"4":[11,1],"5":[1,1],"6":[0,0],"7":[0,0],"8":[0,0],"9":[0,0]},"f":{"1":1},"fnMap":{"1":{"name":"employeesRoutes","line":10,"loc":{"start":{"line":10,"column":0},"end":{"line":10,"column":27}}}},"statementMap":{"1":{"start":{"line":4,"column":0},"end":{"line":4,"column":43}},"2":{"start":{"line":5,"column":0},"end":{"line":5,"column":28}},"3":{"start":{"line":7,"column":0},"end":{"line":7,"column":31}},"4":{"start":{"line":8,"column":0},"end":{"line":8,"column":34}},"5":{"start":{"line":10,"column":0},"end":{"line":101,"column":1}},"6":{"start":{"line":12,"column":2},"end":{"line":14,"column":5}},"7":{"start":{"line":13,"column":4},"end":{"line":13,"column":48}},"8":{"start":{"line":20,"column":2},"end":{"line":50,"column":5}},"9":{"start":{"line":21,"column":4},"end":{"line":21,"column":36}},"10":{"start":{"line":22,"column":4},"end":{"line":22,"column":52}},"11":{"start":{"line":24,"column":4},"end":{"line":26,"column":5}},"12":{"start":{"line":25,"column":6},"end":{"line":25,"column":77}},"13":{"start":{"line":29,"column":4},"end":{"line":29,"column":46}},"14":{"start":{"line":30,"column":4},"end":{"line":32,"column":5}},"15":{"start":{"line":31,"column":6},"end":{"line":31,"column":68}},"16":{"start":{"line":33,"column":4},"end":{"line":33,"column":112}},"17":{"start":{"line":33,"column":58},"end":{"line":33,"column":110}},"18":{"start":{"line":34,"column":4},"end":{"line":34,"column":62}},"19":{"start":{"line":35,"column":4},"end":{"line":37,"column":5}},"20":{"start":{"line":36,"column":6},"end":{"line":36,"column":186}},"21":{"start":{"line":40,"column":4},"end":{"line":45,"column":5}},"22":{"start":{"line":47,"column":4},"end":{"line":47,"column":37}},"23":{"start":{"line":49,"column":4},"end":{"line":49,"column":45}},"24":{"start":{"line":53,"column":2},"end":{"line":70,"column":5}},"25":{"start":{"line":54,"column":4},"end":{"line":54,"column":37}},"26":{"start":{"line":55,"column":4},"end":{"line":57,"column":5}},"27":{"start":{"line":56,"column":6},"end":{"line":56,"column":58}},"28":{"start":{"line":62,"column":4},"end":{"line":62,"column":68}},"29":{"start":{"line":62,"column":48},"end":{"line":62,"column":66}},"30":{"start":{"line":65,"column":4},"end":{"line":68,"column":5}},"31":{"start":{"line":67,"column":6},"end":{"line":67,"column":35}},"32":{"start":{"line":69,"column":4},"end":{"line":69,"column":54}},"33":{"start":{"line":73,"column":2},"end":{"line":86,"column":5}},"34":{"start":{"line":74,"column":4},"end":{"line":74,"column":39}},"35":{"start":{"line":76,"column":4},"end":{"line":78,"column":5}},"36":{"start":{"line":77,"column":6},"end":{"line":77,"column":55}},"37":{"start":{"line":80,"column":4},"end":{"line":80,"column":82}},"38":{"start":{"line":80,"column":56},"end":{"line":80,"column":81}},"39":{"start":{"line":82,"column":4},"end":{"line":84,"column":5}},"40":{"start":{"line":83,"column":6},"end":{"line":83,"column":45}},"41":{"start":{"line":85,"column":4},"end":{"line":85,"column":80}},"42":{"start":{"line":100,"column":2},"end":{"line":100,"column":16}},"43":{"start":{"line":103,"column":0},"end":{"line":103,"column":33}}},"branchMap":{"1":{"line":24,"type":"if","locations":[{"start":{"line":24,"column":4},"end":{"line":24,"column":4}},{"start":{"line":24,"column":4},"end":{"line":24,"column":4}}]},"2":{"line":24,"type":"binary-expr","locations":[{"start":{"line":24,"column":7},"end":{"line":24,"column":17}},{"start":{"line":24,"column":21},"end":{"line":24,"column":30}},{"start":{"line":24,"column":34},"end":{"line":24,"column":40}}]},"3":{"line":30,"type":"if","locations":[{"start":{"line":30,"column":4},"end":{"line":30,"column":4}},{"start":{"line":30,"column":4},"end":{"line":30,"column":4}}]},"4":{"line":33,"type":"binary-expr","locations":[{"start":{"line":33,"column":58},"end":{"line":33,"column":83}},{"start":{"line":33,"column":87},"end":{"line":33,"column":110}}]},"5":{"line":35,"type":"if","locations":[{"start":{"line":35,"column":4},"end":{"line":35,"column":4}},{"start":{"line":35,"column":4},"end":{"line":35,"column":4}}]},"6":{"line":55,"type":"if","locations":[{"start":{"line":55,"column":4},"end":{"line":55,"column":4}},{"start":{"line":55,"column":4},"end":{"line":55,"column":4}}]},"7":{"line":65,"type":"if","locations":[{"start":{"line":65,"column":4},"end":{"line":65,"column":4}},{"start":{"line":65,"column":4},"end":{"line":65,"column":4}}]},"8":{"line":76,"type":"if","locations":[{"start":{"line":76,"column":4},"end":{"line":76,"column":4}},{"start":{"line":76,"column":4},"end":{"line":76,"column":4}}]},"9":{"line":82,"type":"if","locations":[{"start":{"line":82,"column":4},"end":{"line":82,"column":4}},{"start":{"line":82,"column":4},"end":{"line":82,"column":4}}]}}},"/Users/steveny/Desktop/node-interview-exercise/server/server.spec.js":{"path":"/Users/steveny/Desktop/node-interview-exercise/server/server.spec.js","s":{"1":1,"2":1,"3":1,"4":1,"5":1,"6":0,"7":1,"8":0,"9":1,"10":0},"b":{},"f":{},"fnMap":{},"statementMap":{"1":{"start":{"line":5,"column":0},"end":{"line":5,"column":38}},"2":{"start":{"line":7,"column":0},"end":{"line":7,"column":28}},"3":{"start":{"line":9,"column":0},"end":{"line":23,"column":3}},"4":{"start":{"line":10,"column":2},"end":{"line":10,"column":10}},"5":{"start":{"line":12,"column":2},"end":{"line":14,"column":5}},"6":{"start":{"line":13,"column":4},"end":{"line":13,"column":32}},"7":{"start":{"line":16,"column":2},"end":{"line":18,"column":5}},"8":{"start":{"line":17,"column":4},"end":{"line":17,"column":32}},"9":{"start":{"line":20,"column":2},"end":{"line":22,"column":5}},"10":{"start":{"line":21,"column":4},"end":{"line":21,"column":23}}},"branchMap":{}}}