{"/Users/steveny/Desktop/node-interview-exercise/server/routes/employees/v1/employees.v1.spec.js":{"path":"/Users/steveny/Desktop/node-interview-exercise/server/routes/employees/v1/employees.v1.spec.js","s":{"1":1,"2":1,"3":1,"4":1,"5":1,"6":1,"7":1,"8":1,"9":1,"10":1,"11":1,"12":1,"13":1,"14":1,"15":1,"16":1,"17":1,"18":1,"19":1,"20":1,"21":1,"22":1,"23":1,"24":1,"25":1,"26":1,"27":1,"28":1},"b":{},"f":{},"fnMap":{},"statementMap":{"1":{"start":{"line":5,"column":0},"end":{"line":5,"column":38}},"2":{"start":{"line":6,"column":0},"end":{"line":6,"column":37}},"3":{"start":{"line":8,"column":0},"end":{"line":8,"column":35}},"4":{"start":{"line":9,"column":0},"end":{"line":9,"column":45}},"5":{"start":{"line":10,"column":0},"end":{"line":10,"column":36}},"6":{"start":{"line":12,"column":0},"end":{"line":144,"column":3}},"7":{"start":{"line":13,"column":2},"end":{"line":13,"column":10}},"8":{"start":{"line":15,"column":2},"end":{"line":17,"column":5}},"9":{"start":{"line":16,"column":4},"end":{"line":16,"column":32}},"10":{"start":{"line":21,"column":2},"end":{"line":55,"column":5}},"11":{"start":{"line":23,"column":4},"end":{"line":34,"column":7}},"12":{"start":{"line":24,"column":6},"end":{"line":33,"column":14}},"13":{"start":{"line":36,"column":4},"end":{"line":47,"column":7}},"14":{"start":{"line":37,"column":6},"end":{"line":46,"column":15}},"15":{"start":{"line":49,"column":4},"end":{"line":53,"column":7}},"16":{"start":{"line":50,"column":6},"end":{"line":52,"column":50}},"17":{"start":{"line":58,"column":2},"end":{"line":64,"column":5}},"18":{"start":{"line":59,"column":4},"end":{"line":63,"column":7}},"19":{"start":{"line":60,"column":6},"end":{"line":62,"column":43}},"20":{"start":{"line":66,"column":2},"end":{"line":105,"column":5}},"21":{"start":{"line":67,"column":4},"end":{"line":86,"column":7}},"22":{"start":{"line":68,"column":6},"end":{"line":85,"column":10}},"23":{"start":{"line":87,"column":4},"end":{"line":91,"column":7}},"24":{"start":{"line":88,"column":6},"end":{"line":90,"column":69}},"25":{"start":{"line":93,"column":4},"end":{"line":104,"column":7}},"26":{"start":{"line":94,"column":6},"end":{"line":103,"column":17}},"27":{"start":{"line":141,"column":2},"end":{"line":143,"column":5}},"28":{"start":{"line":142,"column":4},"end":{"line":142,"column":23}}},"branchMap":{}},"/Users/steveny/Desktop/node-interview-exercise/server/index.js":{"path":"/Users/steveny/Desktop/node-interview-exercise/server/index.js","s":{"1":1,"2":1,"3":1,"4":1,"5":1,"6":1,"7":1,"8":1,"9":2,"10":2,"11":2,"12":2,"13":2,"14":2,"15":2,"16":2,"17":0,"18":2,"19":2,"20":2,"21":2,"22":1},"b":{"1":[2,2,2]},"f":{"1":2},"fnMap":{"1":{"name":"createServer","line":11,"loc":{"start":{"line":11,"column":0},"end":{"line":11,"column":28}}}},"statementMap":{"1":{"start":{"line":2,"column":0},"end":{"line":2,"column":35}},"2":{"start":{"line":3,"column":0},"end":{"line":3,"column":29}},"3":{"start":{"line":4,"column":0},"end":{"line":4,"column":33}},"4":{"start":{"line":5,"column":0},"end":{"line":5,"column":54}},"5":{"start":{"line":7,"column":0},"end":{"line":7,"column":36}},"6":{"start":{"line":8,"column":0},"end":{"line":8,"column":47}},"7":{"start":{"line":9,"column":0},"end":{"line":9,"column":48}},"8":{"start":{"line":11,"column":0},"end":{"line":34,"column":1}},"9":{"start":{"line":12,"column":2},"end":{"line":12,"column":24}},"10":{"start":{"line":14,"column":2},"end":{"line":14,"column":38}},"11":{"start":{"line":15,"column":2},"end":{"line":15,"column":30}},"12":{"start":{"line":16,"column":2},"end":{"line":16,"column":32}},"13":{"start":{"line":17,"column":2},"end":{"line":17,"column":51}},"14":{"start":{"line":20,"column":2},"end":{"line":20,"column":74}},"15":{"start":{"line":21,"column":2},"end":{"line":21,"column":40}},"16":{"start":{"line":26,"column":2},"end":{"line":26,"column":52}},"17":{"start":{"line":26,"column":29},"end":{"line":26,"column":50}},"18":{"start":{"line":27,"column":2},"end":{"line":27,"column":43}},"19":{"start":{"line":29,"column":2},"end":{"line":31,"column":5}},"20":{"start":{"line":30,"column":4},"end":{"line":30,"column":71}},"21":{"start":{"line":33,"column":2},"end":{"line":33,"column":13}},"22":{"start":{"line":36,"column":0},"end":{"line":36,"column":34}}},"branchMap":{"1":{"line":29,"type":"binary-expr","locations":[{"start":{"line":29,"column":20},"end":{"line":29,"column":24}},{"start":{"line":29,"column":28},"end":{"line":29,"column":44}},{"start":{"line":29,"column":48},"end":{"line":29,"column":59}}]}}},"/Users/steveny/Desktop/node-interview-exercise/config/index.js":{"path":"/Users/steveny/Desktop/node-interview-exercise/config/index.js","s":{"1":1,"2":1,"3":1,"4":1,"5":1,"6":0,"7":0,"8":0,"9":0,"10":0,"11":0,"12":0,"13":1,"14":1,"15":1},"b":{"1":[1,1],"2":[0,0,0,1]},"f":{},"fnMap":{},"statementMap":{"1":{"start":{"line":5,"column":0},"end":{"line":5,"column":31}},"2":{"start":{"line":6,"column":0},"end":{"line":6,"column":29}},"3":{"start":{"line":8,"column":0},"end":{"line":8,"column":32}},"4":{"start":{"line":10,"column":0},"end":{"line":10,"column":53}},"5":{"start":{"line":12,"column":0},"end":{"line":25,"column":1}},"6":{"start":{"line":14,"column":4},"end":{"line":14,"column":63}},"7":{"start":{"line":15,"column":4},"end":{"line":15,"column":10}},"8":{"start":{"line":17,"column":4},"end":{"line":17,"column":63}},"9":{"start":{"line":18,"column":4},"end":{"line":18,"column":10}},"10":{"start":{"line":20,"column":4},"end":{"line":20,"column":75}},"11":{"start":{"line":21,"column":4},"end":{"line":21,"column":63}},"12":{"start":{"line":22,"column":4},"end":{"line":22,"column":10}},"13":{"start":{"line":24,"column":4},"end":{"line":24,"column":61}},"14":{"start":{"line":27,"column":0},"end":{"line":27,"column":66}},"15":{"start":{"line":29,"column":0},"end":{"line":29,"column":28}}},"branchMap":{"1":{"line":10,"type":"binary-expr","locations":[{"start":{"line":10,"column":23},"end":{"line":10,"column":43}},{"start":{"line":10,"column":47},"end":{"line":10,"column":52}}]},"2":{"line":12,"type":"switch","locations":[{"start":{"line":13,"column":2},"end":{"line":15,"column":10}},{"start":{"line":16,"column":2},"end":{"line":18,"column":10}},{"start":{"line":19,"column":2},"end":{"line":22,"column":10}},{"start":{"line":23,"column":2},"end":{"line":24,"column":61}}]}}},"/Users/steveny/Desktop/node-interview-exercise/server/routes/employees/v1/index.js":{"path":"/Users/steveny/Desktop/node-interview-exercise/server/routes/employees/v1/index.js","s":{"1":1,"2":1,"3":1,"4":1,"5":2,"6":1,"7":2,"8":3,"9":3,"10":0,"11":3,"12":15,"13":3,"14":2,"15":1,"16":2,"17":3,"18":3,"19":0,"20":3,"21":15,"22":3,"23":2,"24":1,"25":2,"26":1},"b":{"1":[0,3],"2":[2,1],"3":[0,3],"4":[2,1]},"f":{"1":2},"fnMap":{"1":{"name":"employeesRoutes","line":9,"loc":{"start":{"line":9,"column":0},"end":{"line":9,"column":27}}}},"statementMap":{"1":{"start":{"line":4,"column":0},"end":{"line":4,"column":43}},"2":{"start":{"line":5,"column":0},"end":{"line":5,"column":28}},"3":{"start":{"line":7,"column":0},"end":{"line":7,"column":31}},"4":{"start":{"line":9,"column":0},"end":{"line":73,"column":1}},"5":{"start":{"line":11,"column":2},"end":{"line":13,"column":5}},"6":{"start":{"line":12,"column":4},"end":{"line":12,"column":48}},"7":{"start":{"line":24,"column":2},"end":{"line":42,"column":5}},"8":{"start":{"line":25,"column":4},"end":{"line":25,"column":37}},"9":{"start":{"line":26,"column":4},"end":{"line":28,"column":5}},"10":{"start":{"line":27,"column":6},"end":{"line":27,"column":58}},"11":{"start":{"line":33,"column":4},"end":{"line":33,"column":68}},"12":{"start":{"line":33,"column":48},"end":{"line":33,"column":66}},"13":{"start":{"line":37,"column":4},"end":{"line":40,"column":5}},"14":{"start":{"line":39,"column":6},"end":{"line":39,"column":35}},"15":{"start":{"line":41,"column":4},"end":{"line":41,"column":54}},"16":{"start":{"line":45,"column":2},"end":{"line":58,"column":5}},"17":{"start":{"line":46,"column":4},"end":{"line":46,"column":39}},"18":{"start":{"line":48,"column":4},"end":{"line":50,"column":5}},"19":{"start":{"line":49,"column":6},"end":{"line":49,"column":55}},"20":{"start":{"line":52,"column":4},"end":{"line":52,"column":82}},"21":{"start":{"line":52,"column":56},"end":{"line":52,"column":81}},"22":{"start":{"line":54,"column":4},"end":{"line":56,"column":5}},"23":{"start":{"line":55,"column":6},"end":{"line":55,"column":45}},"24":{"start":{"line":57,"column":4},"end":{"line":57,"column":80}},"25":{"start":{"line":72,"column":2},"end":{"line":72,"column":16}},"26":{"start":{"line":75,"column":0},"end":{"line":75,"column":33}}},"branchMap":{"1":{"line":26,"type":"if","locations":[{"start":{"line":26,"column":4},"end":{"line":26,"column":4}},{"start":{"line":26,"column":4},"end":{"line":26,"column":4}}]},"2":{"line":37,"type":"if","locations":[{"start":{"line":37,"column":4},"end":{"line":37,"column":4}},{"start":{"line":37,"column":4},"end":{"line":37,"column":4}}]},"3":{"line":48,"type":"if","locations":[{"start":{"line":48,"column":4},"end":{"line":48,"column":4}},{"start":{"line":48,"column":4},"end":{"line":48,"column":4}}]},"4":{"line":54,"type":"if","locations":[{"start":{"line":54,"column":4},"end":{"line":54,"column":4}},{"start":{"line":54,"column":4},"end":{"line":54,"column":4}}]}}},"/Users/steveny/Desktop/node-interview-exercise/server/server.spec.js":{"path":"/Users/steveny/Desktop/node-interview-exercise/server/server.spec.js","s":{"1":1,"2":1,"3":1,"4":1,"5":1,"6":1,"7":1,"8":1,"9":1,"10":1},"b":{},"f":{},"fnMap":{},"statementMap":{"1":{"start":{"line":5,"column":0},"end":{"line":5,"column":38}},"2":{"start":{"line":7,"column":0},"end":{"line":7,"column":28}},"3":{"start":{"line":9,"column":0},"end":{"line":23,"column":3}},"4":{"start":{"line":10,"column":2},"end":{"line":10,"column":10}},"5":{"start":{"line":12,"column":2},"end":{"line":14,"column":5}},"6":{"start":{"line":13,"column":4},"end":{"line":13,"column":32}},"7":{"start":{"line":16,"column":2},"end":{"line":18,"column":5}},"8":{"start":{"line":17,"column":4},"end":{"line":17,"column":32}},"9":{"start":{"line":20,"column":2},"end":{"line":22,"column":5}},"10":{"start":{"line":21,"column":4},"end":{"line":21,"column":23}}},"branchMap":{}}}