TN:
SF:/Users/steveny/Desktop/node-interview-exercise/server/routes/employees/v1/employees.v1.spec.js
FNF:0
FNH:0
DA:5,1
DA:6,1
DA:8,1
DA:9,1
DA:10,1
DA:12,1
DA:30,1
DA:31,1
DA:33,1
DA:34,1
DA:39,1
DA:41,1
DA:42,0
DA:54,1
DA:55,0
DA:67,1
DA:68,0
DA:76,1
DA:77,1
DA:78,0
DA:84,1
DA:85,1
DA:86,0
DA:105,1
DA:106,0
DA:111,1
DA:112,0
DA:125,1
DA:127,1
DA:128,0
DA:132,0
DA:133,0
DA:134,0
DA:137,0
DA:140,0
DA:145,1
DA:146,0
DA:151,1
DA:152,0
DA:157,1
DA:158,1
DA:159,1
DA:163,1
DA:164,1
DA:165,1
DA:166,1
DA:169,1
DA:175,1
DA:210,1
DA:211,1
LF:50
LH:35
BRF:0
BRH:0
end_of_record
TN:
SF:/Users/steveny/Desktop/node-interview-exercise/server/index.js
FN:12,createServer
FNF:1
FNH:1
FNDA:1,createServer
DA:2,1
DA:3,1
DA:4,1
DA:5,1
DA:6,1
DA:8,1
DA:9,1
DA:10,1
DA:12,1
DA:13,1
DA:15,1
DA:16,1
DA:17,1
DA:18,1
DA:21,1
DA:22,1
DA:24,1
DA:27,1
DA:28,1
DA:30,1
DA:31,1
DA:34,1
DA:37,1
LF:23
LH:23
BRDA:30,1,0,1
BRDA:30,1,1,1
BRDA:30,1,2,1
BRF:3
BRH:3
end_of_record
TN:
SF:/Users/steveny/Desktop/node-interview-exercise/config/index.js
FNF:0
FNH:0
DA:5,1
DA:6,1
DA:8,1
DA:10,1
DA:12,1
DA:14,0
DA:15,0
DA:17,0
DA:18,0
DA:20,0
DA:21,0
DA:22,0
DA:24,1
DA:27,1
DA:29,1
LF:15
LH:8
BRDA:10,1,0,1
BRDA:10,1,1,1
BRDA:12,2,0,0
BRDA:12,2,1,0
BRDA:12,2,2,0
BRDA:12,2,3,1
BRF:6
BRH:3
end_of_record
TN:
SF:/Users/steveny/Desktop/node-interview-exercise/server/routes/employees/v1/index.js
FN:10,employeesRoutes
FNF:1
FNH:1
FNDA:1,employeesRoutes
DA:4,1
DA:5,1
DA:7,1
DA:8,1
DA:10,1
DA:12,1
DA:13,0
DA:20,1
DA:21,2
DA:22,2
DA:24,2
DA:25,0
DA:29,2
DA:30,2
DA:31,0
DA:33,11
DA:34,2
DA:35,2
DA:36,1
DA:40,1
DA:47,1
DA:49,1
DA:53,1
DA:54,0
DA:55,0
DA:56,0
DA:62,0
DA:65,0
DA:67,0
DA:69,0
DA:73,1
DA:74,0
DA:76,0
DA:77,0
DA:80,0
DA:82,0
DA:83,0
DA:85,0
DA:100,1
DA:103,1
LF:40
LH:23
BRDA:24,1,0,0
BRDA:24,1,1,2
BRDA:24,2,0,2
BRDA:24,2,1,2
BRDA:24,2,2,2
BRDA:30,3,0,0
BRDA:30,3,1,2
BRDA:33,4,0,11
BRDA:33,4,1,1
BRDA:35,5,0,1
BRDA:35,5,1,1
BRDA:55,6,0,0
BRDA:55,6,1,0
BRDA:65,7,0,0
BRDA:65,7,1,0
BRDA:76,8,0,0
BRDA:76,8,1,0
BRDA:82,9,0,0
BRDA:82,9,1,0
BRF:19
BRH:9
end_of_record
TN:
SF:/Users/steveny/Desktop/node-interview-exercise/server/server.spec.js
FNF:0
FNH:0
DA:5,1
DA:7,1
DA:9,1
DA:10,1
DA:12,1
DA:13,0
DA:16,1
DA:17,0
DA:20,1
DA:21,0
LF:10
LH:7
BRF:0
BRH:0
end_of_record
