TN:
SF:/Users/steveny/Desktop/node-interview-exercise/server/routes/employees/v1/employees.v1.spec.js
FNF:0
FNH:0
DA:5,1
DA:6,1
DA:8,1
DA:9,1
DA:10,1
DA:12,1
DA:13,1
DA:15,1
DA:16,1
DA:21,1
DA:23,1
DA:24,1
DA:36,1
DA:37,1
DA:49,1
DA:50,1
DA:58,1
DA:59,1
DA:60,1
DA:66,1
DA:67,1
DA:68,1
DA:87,1
DA:88,1
DA:93,1
DA:94,1
DA:141,1
DA:142,1
LF:28
LH:28
BRF:0
BRH:0
end_of_record
TN:
SF:/Users/steveny/Desktop/node-interview-exercise/server/index.js
FN:11,createServer
FNF:1
FNH:1
FNDA:2,createServer
DA:2,1
DA:3,1
DA:4,1
DA:5,1
DA:7,1
DA:8,1
DA:9,1
DA:11,1
DA:12,2
DA:14,2
DA:15,2
DA:16,2
DA:17,2
DA:20,2
DA:21,2
DA:26,2
DA:27,2
DA:29,2
DA:30,2
DA:33,2
DA:36,1
LF:21
LH:21
BRDA:29,1,0,2
BRDA:29,1,1,2
BRDA:29,1,2,2
BRF:3
BRH:3
end_of_record
TN:
SF:/Users/steveny/Desktop/node-interview-exercise/config/index.js
FNF:0
FNH:0
DA:5,1
DA:6,1
DA:8,1
DA:10,1
DA:12,1
DA:14,0
DA:15,0
DA:17,0
DA:18,0
DA:20,0
DA:21,0
DA:22,0
DA:24,1
DA:27,1
DA:29,1
LF:15
LH:8
BRDA:10,1,0,1
BRDA:10,1,1,1
BRDA:12,2,0,0
BRDA:12,2,1,0
BRDA:12,2,2,0
BRDA:12,2,3,1
BRF:6
BRH:3
end_of_record
TN:
SF:/Users/steveny/Desktop/node-interview-exercise/server/routes/employees/v1/index.js
FN:9,employeesRoutes
FNF:1
FNH:1
FNDA:2,employeesRoutes
DA:4,1
DA:5,1
DA:7,1
DA:9,1
DA:11,2
DA:12,1
DA:24,2
DA:25,3
DA:26,3
DA:27,0
DA:33,15
DA:37,3
DA:39,2
DA:41,1
DA:45,2
DA:46,3
DA:48,3
DA:49,0
DA:52,15
DA:54,3
DA:55,2
DA:57,1
DA:72,2
DA:75,1
LF:24
LH:22
BRDA:26,1,0,0
BRDA:26,1,1,3
BRDA:37,2,0,2
BRDA:37,2,1,1
BRDA:48,3,0,0
BRDA:48,3,1,3
BRDA:54,4,0,2
BRDA:54,4,1,1
BRF:8
BRH:6
end_of_record
TN:
SF:/Users/steveny/Desktop/node-interview-exercise/server/server.spec.js
FNF:0
FNH:0
DA:5,1
DA:7,1
DA:9,1
DA:10,1
DA:12,1
DA:13,1
DA:16,1
DA:17,1
DA:20,1
DA:21,1
LF:10
LH:10
BRF:0
BRH:0
end_of_record
